2017-02-15 15:53:15,995 INFO    : fetched http://wx2.sinaimg.cn/large/c6fbc968gy1fcqe62tchjj20m80tmguc.jpg success
2017-02-15 15:53:16,011 INFO    : fetched http://wx4.sinaimg.cn/large/6b3e246fgy1fcqcmgtbdvg208w0bu4qq.gif success
2017-02-15 15:53:16,011 INFO    : fetched http://wx3.sinaimg.cn/large/006GlaT2ly1fcq5jk45w1j30xc1e0151.jpg success
2017-02-15 15:53:16,026 INFO    : fetched http://wx1.sinaimg.cn/large/005vbOHfgy1fcq8qemv1qg309c058kjo.gif success
2017-02-15 15:53:16,511 INFO    : fetched http://wx1.sinaimg.cn/large/005vbOHfgy1fcq8q63dlmj30ia0c70uv.jpg success
2017-02-15 15:53:16,730 INFO    : fetched http://wx1.sinaimg.cn/large/005vbOHfgy1fcq8pzzwymj30ia0iawkm.jpg success
2017-02-15 15:53:16,808 INFO    : fetched http://wx1.sinaimg.cn/large/661eb95cgy1fcq6w1gv6wj20m80phwhw.jpg success
2017-02-15 15:53:17,152 INFO    : fetched http://wx2.sinaimg.cn/large/661eb95cgy1fcq6w0heksj20qp0vf78i.jpg success
2017-02-15 15:53:17,198 INFO    : fetched http://wx3.sinaimg.cn/large/661eb95cgy1fcq6w01keoj20k00zkn0h.jpg success
2017-02-15 15:53:17,495 INFO    : fetched http://wx4.sinaimg.cn/large/661eb95cgy1fcq6vz26g9j20im0vu424.jpg success
2017-02-15 15:53:17,589 INFO    : fetched http://wx4.sinaimg.cn/large/006GlaT2ly1fcq5ja6hikj30du0so41w.jpg success
2017-02-15 15:53:17,862 INFO    : fetched http://wx3.sinaimg.cn/large/006GlaT2ly1fcq5j59vpcj30e70roh58.jpg success
2017-02-15 15:53:17,893 INFO    : fetched http://wx3.sinaimg.cn/large/006GlaT2ly1fcq5ivher6j30m80xc7ap.jpg success
2017-02-15 15:53:18,221 INFO    : fetched http://wx2.sinaimg.cn/large/006GlaT2ly1fcq5iqw0hqj30rs13sn6t.jpg success
2017-02-15 15:53:18,346 INFO    : fetched http://wx1.sinaimg.cn/large/0069lnCQgy1fcq5cft9xwj30mf0z30vr.jpg success
2017-02-15 15:53:18,534 INFO    : fetched http://wx4.sinaimg.cn/large/0069lnCQgy1fcq5cg70zyj30ix0tltdk.jpg success
2017-02-15 15:53:18,643 INFO    : fetched http://wx2.sinaimg.cn/large/0069lnCQgy1fcq5ch6wa5j30kh0uvjts.jpg success
2017-02-15 15:53:18,690 INFO    : fetched http://ww2.sinaimg.cn/large/a7c49da7jw1fcq1ruhv5ej20gk0gkgnm.jpg success
2017-02-15 15:53:18,862 INFO    : fetched http://wx2.sinaimg.cn/large/006GlaT2ly1fcpzy85x2ij30cu0nrad0.jpg success
2017-02-15 15:53:18,924 INFO    : fetched http://wx1.sinaimg.cn/large/006GlaT2ly1fcpzy09fs7j30g40pcqmm.jpg success
2017-02-15 15:53:18,940 INFO    : fetched http://wx1.sinaimg.cn/large/006GlaT2ly1fcpzxrfnd7j30g40mo40f.jpg success
2017-02-15 15:53:19,065 INFO    : fetched http://wx3.sinaimg.cn/large/006GlaT2ly1fcpzxj35sjj30hf0nkjss.jpg success
2017-02-15 15:53:19,190 INFO    : fetched http://wx2.sinaimg.cn/large/006GlaT2ly1fcpzxc9trmj30ry1aojwu.jpg success
2017-02-15 15:53:19,206 INFO    : fetched http://wx3.sinaimg.cn/large/69d998f3ly1fcoz3zfcc0j20zk0zkb29.jpg success
2017-02-15 15:53:19,252 INFO    : fetched http://wx3.sinaimg.cn/large/661eb95cgy1fcps75uz60j20ez0miacl.jpg success
2017-02-15 15:53:19,487 INFO    : fetched http://wx2.sinaimg.cn/large/661eb95cgy1fcps7561bhj20ic0c8mzm.jpg success
2017-02-15 15:53:19,502 INFO    : fetched http://wx3.sinaimg.cn/large/661eb95cgy1fcps6zyehwj20vg18gwom.jpg success
2017-02-15 15:53:21,605 INFO    : fetched http://wx1.sinaimg.cn/large/661eb95cgy1fcps6zbxa6j20zk0npnch.jpg success
2017-02-15 15:53:21,605 INFO    : fetched http://wx3.sinaimg.cn/large/661eb95cgy1fcps6ylw0ej20nt0zk0v6.jpg success
2017-02-15 15:53:21,620 INFO    : fetched http://wx3.sinaimg.cn/large/c67b9248ly1fcpa9ftadfj20ny0zkn3r.jpg success
2017-02-15 15:53:21,636 INFO    : fetched http://wx3.sinaimg.cn/large/006g34NHgy1fclvy0zc4mg30b40691l3.gif success
2017-02-15 15:53:21,809 INFO    : fetched http://wx2.sinaimg.cn/large/006g34NHgy1fcp7ezicblj30hp0oqgo8.jpg success
2017-02-15 15:53:21,821 INFO    : fetched http://wx2.sinaimg.cn/large/c6fbc968gy1fcp73iwceqj20f00mi777.jpg success
2017-02-15 15:53:21,948 INFO    : fetched http://wx1.sinaimg.cn/large/c6fbc968gy1fcp73byuevj20zk0m84eh.jpg success
2017-02-15 15:53:22,088 INFO    : fetched http://wx3.sinaimg.cn/large/c6fbc968gy1fcp70ez4w4j20f00kvta3.jpg success
2017-02-15 15:53:22,135 INFO    : fetched http://wx2.sinaimg.cn/large/005NIE7ygy1fcp6g1scdsg30bv0gu1lf.gif success
2017-02-15 15:53:23,198 INFO    : fetched http://wx4.sinaimg.cn/large/005vbOHfgy1fcninxx1oog309p0cob2c.gif success
2017-02-15 15:53:23,229 INFO    : fetched http://wx3.sinaimg.cn/large/005vbOHfgy1fcnip3y3kwg308k09qqv8.gif success
2017-02-15 15:53:26,096 INFO    : fetched http://wx2.sinaimg.cn/large/005vbOHfgy1fcninn6uh4g30ds0gmhe1.gif success
2017-02-15 15:53:31,860 INFO    : fetched http://wx2.sinaimg.cn/large/005vbOHfgy1fcniqgi542g30gc0gob2e.gif success
2017-02-15 15:53:33,416 INFO    : fetched http://wx3.sinaimg.cn/large/005vbOHfgy1fcp4cpxbrpj30c80kuq3w.jpg success
2017-02-15 15:53:33,776 INFO    : fetched http://wx4.sinaimg.cn/large/0060ao82ly1fbpylfylryj30qo0zkwl1.jpg success
2017-02-15 15:53:34,635 INFO    : fetched http://ww1.sinaimg.cn/large/0060ao82gw1f7m6asenkqj30qo0zktf6.jpg success
2017-02-15 15:53:34,885 INFO    : fetched http://ww4.sinaimg.cn/large/0060ao82gw1f6hg40e1uej30qo0zkteu.jpg success
2017-02-15 15:53:35,448 INFO    : fetched http://ww2.sinaimg.cn/large/0060ao82gw1f4xv8vqidgj30qo0zkjwl.jpg success
2017-02-15 15:53:35,877 INFO    : fetched http://ww2.sinaimg.cn/large/0067tdLwjw1eulx5ern8wj30qo0zkjw7.jpg success
2017-02-15 15:53:35,877 INFO    : fetched http://wx3.sinaimg.cn/large/006wtNPKgy1fbyfc4i1fcj30qo0zkaev.jpg success
2017-02-15 15:53:36,300 INFO    : fetched http://wx2.sinaimg.cn/large/4609ab23gy1fcovudhv88j20jb0jcgnp.jpg success
2017-02-15 15:53:36,346 INFO    : fetched http://wx3.sinaimg.cn/large/006GlaT2ly1fcovpshvjzj30j60y3wil.jpg success
2017-02-15 15:53:36,628 INFO    : fetched http://wx3.sinaimg.cn/large/006GlaT2ly1fcovp5grnyj30gg0rftj9.jpg success
2017-02-15 15:53:36,962 INFO    : fetched http://wx4.sinaimg.cn/large/006GlaT2ly1fcovp19ls6j30u01hcq8c.jpg success
2017-02-15 15:53:37,196 INFO    : fetched http://wx1.sinaimg.cn/large/006GlaT2ly1fcovowtl4mj30dw0kujuc.jpg success
2017-02-15 15:53:37,540 INFO    : fetched http://wx3.sinaimg.cn/large/006GlaT2ly1fcovo44085j30an0n2whx.jpg success
2017-02-15 15:53:37,649 INFO    : fetched http://wx3.sinaimg.cn/large/006GlaT2ly1fcovkpe5x4j30rs15owos.jpg success
2017-02-15 15:53:37,979 INFO    : fetched http://wx2.sinaimg.cn/large/006GlaT2ly1fcovkfie40j30hr0qomy5.jpg success
2017-02-15 15:53:38,737 INFO    : fetched http://wx2.sinaimg.cn/large/006GlaT2ly1fcovjgm8ftj30go0p0q7i.jpg success
2017-02-15 15:53:38,753 INFO    : fetched http://wx1.sinaimg.cn/large/006GlaT2ly1fcoviplzy3j30p011i13c.jpg success
2017-02-15 15:53:39,189 INFO    : fetched http://wx1.sinaimg.cn/large/006GlaT2ly1fcovi62429j30ci0go0ud.jpg success
2017-02-15 15:53:39,422 INFO    : fetched http://wx2.sinaimg.cn/large/6adc108fly1fcop36ujgig208o08re82.gif success
2017-02-15 15:53:39,485 INFO    : fetched http://wx1.sinaimg.cn/large/6a14bdb4gy1fcob191g81g208f06gx6p.gif success
2017-02-15 15:53:39,547 INFO    : fetched http://wx1.sinaimg.cn/large/6a14bdb4gy1fcob0xoa7rg204g03egwt.gif success
2017-02-15 15:53:40,829 INFO    : fetched http://wx1.sinaimg.cn/large/669f3394gy1fco5eybsp9j21c80r47ee.jpg success
2017-02-15 15:53:41,548 INFO    : fetched http://wx1.sinaimg.cn/large/0066dSuqgy1fcnw0emi40g307a06y7wh.gif success
2017-02-15 15:53:41,774 INFO    : fetched http://wx1.sinaimg.cn/large/0066dSuqgy1fcnw400viaj30qo0f0gmi.jpg success
2017-02-15 15:53:42,665 INFO    : fetched http://wx2.sinaimg.cn/large/72615df6gy1fcntoze29ig20cg070u10.gif success
2017-02-15 15:53:42,727 INFO    : fetched http://wx3.sinaimg.cn/large/661b1d6dly1fcnmhk026zj20iq0kkdir.jpg success
2017-02-15 15:53:43,055 INFO    : fetched http://wx1.sinaimg.cn/large/661eb95cgy1fcmdcewlj2j20kn0zkjsq.jpg success
2017-02-15 15:53:43,477 INFO    : fetched http://wx4.sinaimg.cn/large/661eb95cgy1fcmdcead06j20dw0ku40f.jpg success
2017-02-15 15:53:43,587 INFO    : fetched http://wx1.sinaimg.cn/large/005vbOHfgy1fcni68kj7jj30ia0nrn2s.jpg success
2017-02-15 15:53:43,962 INFO    : fetched http://wx4.sinaimg.cn/large/005vbOHfgy1fcni5u8w9aj30hf0sz78f.jpg success
2017-02-15 15:53:44,119 INFO    : fetched http://wx4.sinaimg.cn/large/005vbOHfgy1fcni666yqnj30gg0oeaff.jpg success
2017-02-15 15:53:44,689 INFO    : fetched http://wx2.sinaimg.cn/large/005vbOHfgy1fcmzdypmcpj30cl0jgt9z.jpg success
2017-02-15 15:53:44,970 INFO    : fetched http://wx1.sinaimg.cn/large/6cca1403ly1fcneidig3yj20h00grt9p.jpg success
2017-02-15 15:53:45,142 INFO    : fetched http://wx3.sinaimg.cn/large/661eb95cgy1fcmdcduu8ej20e40k041s.jpg success
2017-02-15 15:53:45,251 INFO    : fetched http://wx4.sinaimg.cn/large/661eb95cgy1fcmdcdbg1tj20zk0no43l.jpg success
2017-02-15 15:53:45,548 INFO    : fetched http://wx4.sinaimg.cn/large/661eb95cgy1fcmdccdk1jj20vn18gtfu.jpg success
2017-02-15 15:53:45,923 INFO    : fetched http://wx4.sinaimg.cn/large/006GlaT2ly1fcnfcmtaaxj30ct0jgwfs.jpg success
2017-02-15 15:53:46,392 INFO    : fetched http://wx4.sinaimg.cn/large/006GlaT2ly1fcnfch0tikj30ia0x8wpj.jpg success
2017-02-15 15:53:46,533 INFO    : fetched http://wx3.sinaimg.cn/large/006GlaT2ly1fcnfcbpar7j30sg16o7c3.jpg success
2017-02-15 15:53:46,564 INFO    : fetched http://wx4.sinaimg.cn/large/006GlaT2ly1fcnfc7hz57j30dw0kiwgk.jpg success
2017-02-15 15:53:47,742 INFO    : fetched http://wx2.sinaimg.cn/large/006GlaT2ly1fcnfc2dk23j30m80xcafg.jpg success
2017-02-15 15:53:47,742 INFO    : fetched http://wx1.sinaimg.cn/large/006GlaT2ly1fcnf7j7lwhj30b80i9the.jpg success
2017-02-15 15:53:47,742 INFO    : fetched http://wx1.sinaimg.cn/large/006GlaT2ly1fcnf7f3cyfj30dw0kuad6.jpg success
2017-02-15 15:53:47,773 INFO    : fetched http://wx4.sinaimg.cn/large/006GlaT2ly1fcnf7bfjelj30rs15o0w3.jpg success
2017-02-15 15:53:47,851 INFO    : fetched http://wx4.sinaimg.cn/large/006GlaT2ly1fcnf775lbuj30fb11iaf0.jpg success
2017-02-15 15:53:47,867 INFO    : fetched http://wx2.sinaimg.cn/large/006GlaT2ly1fcnf55uaf1j30sg16ojwr.jpg success
2017-02-15 15:53:47,898 INFO    : fetched http://wx3.sinaimg.cn/large/661eb95cgy1fcmdcbs3q1j20zk0nmjwi.jpg success
2017-02-15 15:53:48,039 INFO    : fetched http://wx3.sinaimg.cn/large/005Y4w3Mly1fcmwq8u67qj30dw0kudjj.jpg success
2017-02-15 15:53:48,117 INFO    : fetched http://wx4.sinaimg.cn/large/005Y4w3Mly1fcmwp5w0zfj30dw0kugph.jpg success
2017-02-15 15:53:48,226 INFO    : fetched http://wx4.sinaimg.cn/large/005Y4w3Mly1fcmwooglsqj30dw0kuwj4.jpg success
2017-02-15 15:53:48,242 INFO    : fetched http://wx3.sinaimg.cn/large/005Y4w3Mly1fcmtk3835dj30dw0kutmt.jpg success
2017-02-15 15:53:48,304 INFO    : fetched http://wx1.sinaimg.cn/large/005Y4w3Mly1fcmtkjy3v7j30dw0ku12f.jpg success
2017-02-15 15:53:48,336 INFO    : fetched http://wx1.sinaimg.cn/large/005Y4w3Mly1fcmtksmffoj30dw0kugut.jpg success
2017-02-15 15:53:48,492 INFO    : fetched http://wx2.sinaimg.cn/large/005Y4w3Mly1fcmtl0t84bj30dw0kun6u.jpg success
2017-02-15 15:53:48,523 INFO    : fetched http://wx2.sinaimg.cn/large/005Y4w3Mly1fcmtlkmmrjj30ku0dwju5.jpg success
2017-02-15 15:53:48,554 INFO    : fetched http://wx3.sinaimg.cn/large/005Y4w3Mly1fcmtm6ar13j30e90kuq7l.jpg success
2017-02-15 15:53:48,664 INFO    : fetched http://wx1.sinaimg.cn/large/005Y4w3Mly1fcmtme2x6aj30ku0c0jue.jpg success
2017-02-15 15:53:48,679 INFO    : fetched http://wx4.sinaimg.cn/large/005Y4w3Mly1fcmtmp1kgnj30dw0kutd1.jpg success
2017-02-15 15:53:48,726 INFO    : fetched http://wx1.sinaimg.cn/large/005Y4w3Mly1fcmtmv9atxj30ku0dgwkn.jpg success
2017-02-15 15:53:48,742 INFO    : fetched http://wx4.sinaimg.cn/large/005Y4w3Mly1fcmtn0o2x3j30ku0dbwid.jpg success
2017-02-15 15:53:48,803 INFO    : fetched http://wx2.sinaimg.cn/large/005Y4w3Mly1fcmtnerny8j30fl0ku42p.jpg success
2017-02-15 15:53:48,853 INFO    : fetched http://wx1.sinaimg.cn/large/006iwFkugy1fcmoxh12nhg30co06unpg.gif success
2017-02-15 15:53:48,931 INFO    : fetched http://wx4.sinaimg.cn/large/92e8647agy1fcmebv0skdg20aw0cdx6q.gif success
2017-02-15 15:53:48,947 INFO    : fetched http://wx1.sinaimg.cn/large/661eb95cgy1fcmdcafvtuj20op0zkdlt.jpg success
2017-02-15 15:53:49,009 INFO    : fetched http://wx4.sinaimg.cn/large/661eb95cgy1fcmdc9prjuj20hq0iidib.jpg success
2017-02-15 15:53:51,167 INFO    : fetched http://wx2.sinaimg.cn/large/005Y4w3Mly1fcmemq7xlrj30hs0qojvc.jpg success
2017-02-15 15:53:51,199 INFO    : fetched http://wx2.sinaimg.cn/large/005Y4w3Mly1fcmemyclibj30hs0m10tz.jpg success
2017-02-15 15:53:51,605 INFO    : fetched http://wx2.sinaimg.cn/large/006GlaT2ly1fcmd1uahplj30ij0rstqz.jpg success
2017-02-15 15:53:51,620 INFO    : fetched http://wx4.sinaimg.cn/large/006GlaT2ly1fcmd18xs8vj30hi0qo0uo.jpg success
2017-02-15 15:53:51,839 INFO    : fetched http://wx3.sinaimg.cn/large/006GlaT2ly1fcmcz4okvkj31kw2dcqpi.jpg success
2017-02-15 15:53:51,886 INFO    : fetched http://wx4.sinaimg.cn/large/006GlaT2ly1fcmcthkstaj30go0famxm.jpg success
2017-02-15 15:53:52,011 INFO    : fetched http://wx3.sinaimg.cn/large/006GlaT2ly1fcmcti4h0bj30go0faaaj.jpg success
2017-02-15 15:53:52,042 INFO    : fetched http://wx4.sinaimg.cn/large/006GlaT2ly1fcmctirc5cj30go0fat98.jpg success
2017-02-15 15:53:52,214 INFO    : fetched http://wx3.sinaimg.cn/large/006GlaT2ly1fcmctjeggwj30go0nmq3s.jpg success
2017-02-15 15:53:52,246 INFO    : fetched http://wx2.sinaimg.cn/large/68f6e545ly1fcma3pigq4j208i0qkdhj.jpg success
2017-02-15 15:53:52,418 INFO    : fetched http://wx3.sinaimg.cn/large/006g34NHgy1fclvyxgedxg30b4069b2i.gif success
2017-02-15 15:53:52,527 INFO    : fetched http://wx1.sinaimg.cn/large/006g34NHgy1fclvw91yl5g30b40694qt.gif success
2017-02-15 15:53:52,636 INFO    : fetched http://wx2.sinaimg.cn/large/006g34NHgy1fclufq7odbj30hr0oxacm.jpg success
2017-02-15 15:53:52,871 INFO    : fetched http://wx2.sinaimg.cn/large/006D2KSdly1fclsotw2c2j30zk0nqx6p.jpg success
2017-02-15 15:53:52,886 INFO    : fetched http://wx3.sinaimg.cn/large/661eb95cgy1fcl6kelrdwj20p60q643k.jpg success
2017-02-15 15:53:53,589 INFO    : fetched http://wx3.sinaimg.cn/large/661eb95cgy1fcl6kfijzzj20p50q8n2j.jpg success
2017-02-15 15:53:53,736 INFO    : fetched http://wx1.sinaimg.cn/large/005Y4w3Mly1fclcklj1qej30dc0k0wft.jpg success
2017-02-15 15:53:54,001 INFO    : fetched http://wx3.sinaimg.cn/large/005vbOHfgy1fcl8vi8y7zg30b40b4npl.gif success
2017-02-15 15:53:54,048 INFO    : fetched http://wx2.sinaimg.cn/large/005vbOHfgy1fcl8v4t7o8j30fe0kitca.jpg success
2017-02-15 15:53:54,900 INFO    : fetched http://wx2.sinaimg.cn/large/005vbOHfgy1fcl8uxyl9tj30dw0ikwlc.jpg success
2017-02-15 15:53:55,564 INFO    : fetched http://wx1.sinaimg.cn/large/005vbOHfgy1fcl8uv4nyoj30ia0rf42o.jpg success
2017-02-15 15:53:56,142 INFO    : fetched http://wx2.sinaimg.cn/large/006GlaT2ly1fcl6hi3r4nj30nq0zkgs3.jpg success
2017-02-15 15:53:57,525 INFO    : fetched http://wx2.sinaimg.cn/large/661eb95cgy1fcl6kdg10zj20pa10lte1.jpg success
2017-02-15 15:53:58,368 INFO    : fetched http://wx1.sinaimg.cn/large/661eb95cgy1fcl6kdzfetj20pa0fead7.jpg success
2017-02-15 15:53:58,931 INFO    : fetched http://wx4.sinaimg.cn/large/661eb95cgy1fcl6k9af04j20pa11x45y.jpg success
2017-02-15 15:53:59,751 INFO    : fetched http://wx1.sinaimg.cn/large/006GlaT2ly1fcl6ho33nlj30go0b4dgn.jpg success
2017-02-15 15:54:00,150 INFO    : fetched http://wx4.sinaimg.cn/large/006GlaT2ly1fcl6hspyldj30hs0qon0e.jpg success
2017-02-15 15:54:00,166 INFO    : fetched http://wx4.sinaimg.cn/large/006GlaT2ly1fcl6hzcsmjj30m80xcdrb.jpg success
2017-02-15 15:54:00,166 INFO    : fetched http://wx4.sinaimg.cn/large/006GlaT2ly1fcl6du5geyj30ev0kujsx.jpg success
2017-02-15 15:54:01,056 INFO    : fetched http://wx4.sinaimg.cn/large/c0788b86ly1fckjivlvc4j20ku0uuadh.jpg success
2017-02-15 15:54:01,056 INFO    : fetched http://wx3.sinaimg.cn/large/00643ClBgy1fckjm01eyjj30k00zkq7o.jpg success
2017-02-15 15:54:01,072 INFO    : fetched http://wx1.sinaimg.cn/large/6d51471fgy1fcl294v42tj20pk12cqdm.jpg success
2017-02-15 15:54:01,244 INFO    : fetched http://wx4.sinaimg.cn/large/6d51471fgy1fcl296ncu5j20pk12c7en.jpg success
2017-02-15 15:54:01,244 INFO    : fetched http://wx3.sinaimg.cn/large/6d51471fgy1fcl297inv2j20pk0h1433.jpg success
2017-02-15 15:54:01,291 INFO    : fetched http://wx2.sinaimg.cn/large/707c5757gy1fckq2dt1gcg207n099u0y.gif success
2017-02-15 15:54:01,525 INFO    : fetched http://ww3.sinaimg.cn/large/006ooFV0jw1fcknedy6j2g30am0iwx6v.gif success
2017-02-15 15:54:01,729 INFO    : fetched http://wx3.sinaimg.cn/large/661eb95cgy1fcjwrd4kzqj20jg0t60vb.jpg success
2017-02-15 15:54:02,104 INFO    : fetched http://wx3.sinaimg.cn/large/661eb95cgy1fcjwree4phj20jg0t6416.jpg success
2017-02-15 15:54:02,829 INFO    : fetched http://wx3.sinaimg.cn/large/661eb95cgy1fcjwrhircsj20jg0t6whf.jpg success
2017-02-15 15:54:03,532 INFO    : fetched http://wx3.sinaimg.cn/large/661eb95cgy1fcjwridvd8j20jg0ngadg.jpg success
2017-02-15 15:54:03,657 INFO    : fetched http://ww1.sinaimg.cn/large/d2d378b0jw1e8bm3n6lavg206t06oh7u.gif success
2017-02-15 15:54:04,017 INFO    : fetched http://ww2.sinaimg.cn/large/d2d378b0jw1e8bm3qg4x6g206t06okb4.gif success
2017-02-15 15:54:05,032 INFO    : fetched http://ww3.sinaimg.cn/large/d2d378b0jw1e8bm3sz6b1g206t06ottx.gif success
2017-02-15 15:54:06,305 INFO    : fetched http://ww2.sinaimg.cn/large/d2d378b0jw1e8bm3vd6y8g206t06oavy.gif success
2017-02-15 15:54:06,352 INFO    : fetched http://wx3.sinaimg.cn/large/006GlaT2ly1fck9csiqy7j30h00h0js6.jpg success
2017-02-15 15:54:06,591 INFO    : fetched http://wx1.sinaimg.cn/large/006GlaT2ly1fck9ci7005j30ia0wi0zb.jpg success
2017-02-15 15:54:07,261 INFO    : fetched http://wx3.sinaimg.cn/large/006GlaT2ly1fck9c9vx2kj30hs0qogqs.jpg success
2017-02-15 15:54:07,386 INFO    : fetched http://wx4.sinaimg.cn/large/006GlaT2ly1fck9c1p35fj30k00zkdna.jpg success
2017-02-15 15:54:07,730 INFO    : fetched http://wx4.sinaimg.cn/large/006GlaT2ly1fck9bvvxncj30jd0rstea.jpg success
2017-02-15 15:54:07,964 INFO    : fetched http://wx3.sinaimg.cn/large/006GlaT2ly1fck9bcxwt8j30f00qo77m.jpg success
2017-02-15 15:54:08,261 INFO    : fetched http://wx1.sinaimg.cn/large/005PD4iZly1fck7yuuf47j30eh0fugmo.jpg success
2017-02-15 15:54:08,402 INFO    : fetched http://wx3.sinaimg.cn/large/005vbOHfgy1fck5elnnz8j30gn0m7gmp.jpg success
2017-02-15 15:54:08,495 INFO    : fetched http://wx1.sinaimg.cn/large/005vbOHfgy1fck5eif4xyj30ia0om12t.jpg success
2017-02-15 15:54:08,627 INFO    : fetched http://wx2.sinaimg.cn/large/005vbOHfgy1fck5ebokazj30qe0hltct.jpg success
2017-02-15 15:54:08,846 INFO    : fetched http://wx2.sinaimg.cn/large/7c97bd96gy1fck26vm24fj20hm0ohgo1.jpg success
2017-02-15 15:54:09,034 INFO    : fetched http://wx3.sinaimg.cn/large/661eb95cgy1fcjwrbd3cqj20jc0nk788.jpg success
2017-02-15 15:54:09,049 INFO    : fetched http://wx2.sinaimg.cn/large/661eb95cgy1fcjwrc97jlj20jg0msdj7.jpg success
2017-02-15 15:54:09,112 INFO    : fetched http://wx1.sinaimg.cn/large/0062c4iGgy1fcjqeazgpej30zk1e0122.jpg success
2017-02-15 15:54:09,315 INFO    : fetched http://wx2.sinaimg.cn/large/707c5757gy1fcipkujfaog206o07wx6p.gif success
2017-02-15 15:54:09,330 INFO    : fetched http://wx2.sinaimg.cn/large/707c5757gy1fcihvnuwaog20b4069u0x.gif success
2017-02-15 15:54:09,523 INFO    : fetched http://wx1.sinaimg.cn/large/92e8647aly1fchrzgzh4wg20800e87wj.gif success
2017-02-15 15:54:09,573 INFO    : fetched http://wx1.sinaimg.cn/large/006GlaT2ly1fcjduqrqh3j30p011lq9z.jpg success
2017-02-15 15:54:10,214 INFO    : fetched http://wx4.sinaimg.cn/large/006GlaT2ly1fcjducww30j30e60kpmy7.jpg success
2017-02-15 15:54:10,527 INFO    : fetched http://wx1.sinaimg.cn/large/006GlaT2ly1fcjdtu0y2lj30gy0pf765.jpg success
2017-02-15 15:54:13,132 INFO    : fetched http://wx4.sinaimg.cn/large/006GlaT2ly1fcjdtcy1ftj30hk0rrdgo.jpg success
2017-02-15 15:54:13,147 INFO    : fetched http://wx3.sinaimg.cn/large/006GlaT2ly1fcjdt6gcafj30m90xcq7o.jpg success
2017-02-15 15:54:13,147 INFO    : fetched http://wx1.sinaimg.cn/large/006GlaT2ly1fcjdsetzb1j30p011g7bv.jpg success
2017-02-15 15:54:13,163 INFO    : fetched http://wx1.sinaimg.cn/large/006g34NHgy1fcjd8v3m5og30b4069b2j.gif success
2017-02-15 15:54:13,178 INFO    : fetched http://wx2.sinaimg.cn/large/658c78c9gy1fci8d049h8j20qo140gvl.jpg success
2017-02-15 15:54:13,413 INFO    : fetched http://wx4.sinaimg.cn/large/0069lnCQgy1fcj55cvmvgj30dw0jfgn3.jpg success
2017-02-15 15:54:13,507 INFO    : fetched http://wx4.sinaimg.cn/large/0069lnCQgy1fcj55emdruj30qo0uvdjt.jpg success
2017-02-15 15:54:13,694 INFO    : fetched http://wx2.sinaimg.cn/large/0069lnCQgy1fcj55dtzgij30hs0p3gon.jpg success
2017-02-15 15:54:13,725 INFO    : fetched http://wx4.sinaimg.cn/large/661eb95cgy1fcj4y1uz4sj20p70qlwjq.jpg success
2017-02-15 15:54:13,897 INFO    : fetched http://wx1.sinaimg.cn/large/661eb95cgy1fcj4y2fjroj20p50p7tdn.jpg success
2017-02-15 15:54:14,022 INFO    : fetched http://wx4.sinaimg.cn/large/661eb95cgy1fcj4y3aesmj20ir0feace.jpg success
2017-02-15 15:54:14,179 INFO    : fetched http://wx1.sinaimg.cn/large/0069lnCQgy1fcj3c8u8o7j30qo140dl7.jpg success
2017-02-15 15:54:14,382 INFO    : fetched http://wx4.sinaimg.cn/large/0069lnCQgy1fcj3c7ujg4j30io0sgjtv.jpg success
2017-02-15 15:54:14,397 INFO    : fetched http://wx1.sinaimg.cn/large/0069lnCQgy1fcj2w62lhyj30m80etacm.jpg success
2017-02-15 15:54:14,748 INFO    : fetched http://wx2.sinaimg.cn/large/005vbOHfgy1fcj0wipmfkj30ia0mv0ul.jpg success
2017-02-15 15:54:14,764 INFO    : fetched http://wx1.sinaimg.cn/large/005vbOHfgy1fcj0wganvwj30ia0rdgpv.jpg success
2017-02-15 15:54:14,779 INFO    : fetched http://wx2.sinaimg.cn/large/005vbOHfgy1fcj0wd3pnkj30eq0jo0uk.jpg success
2017-02-15 15:54:15,107 INFO    : fetched http://wx4.sinaimg.cn/large/661eb95cgy1fcitd6dv5vj20p80gdn0n.jpg success
2017-02-15 15:54:15,123 INFO    : fetched http://wx1.sinaimg.cn/large/661eb95cgy1fcitd5cnwuj20pa0nm432.jpg success
2017-02-15 15:54:15,170 INFO    : fetched http://wx2.sinaimg.cn/large/661eb95cgy1fcitd7l5t7j20ox0szafu.jpg success
2017-02-15 15:54:15,529 INFO    : fetched http://ww1.sinaimg.cn/large/006sAynLjw1fcfostven9g309m0fgnpd.gif success
2017-02-15 15:54:15,607 INFO    : fetched http://wx4.sinaimg.cn/large/006GlaT2ly1fciuw7axkyj316e0s7tfe.jpg success
2017-02-15 15:54:16,076 INFO    : fetched http://wx3.sinaimg.cn/large/006GlaT2ly1fcitih9meuj30k00pttd1.jpg success
2017-02-15 15:54:16,108 INFO    : fetched http://wx1.sinaimg.cn/large/006GlaT2ly1fcitiuiig3j30hw0qv1kx.jpg success
2017-02-15 15:54:16,915 INFO    : fetched http://wx2.sinaimg.cn/large/006GlaT2ly1fcitizuzkxj30zk1hcwpe.jpg success
2017-02-15 15:54:17,040 INFO    : fetched http://wx4.sinaimg.cn/large/006GlaT2ly1fcitj4rv1mj30ly0sh7ib.jpg success
2017-02-15 15:54:17,540 INFO    : fetched http://wx3.sinaimg.cn/large/006GlaT2ly1fcitf6wptlj30hs0qqn1n.jpg success
